<?xml version="1.0" encoding="UTF-8"?>
<!-- Generated by org.testng.reporters.JUnitReportReporter -->
<testsuite name="suites.users.CRUD" tests="2" time="1.366" ignored="0" failures="0" timestamp="28 Aug 2018 14:14:05 GMT" skipped="0" hostname="Oshawa" errors="0">
  <testcase name="readServiceContract" time="0.062" classname="suites.users.CRUD"/>
  <testcase name="createServiceContract" time="1.304" classname="suites.users.CRUD"/>
</testsuite> <!-- suites.users.CRUD -->
